<?xml version="1.0" encoding="UTF-8"?>
<!-- Generated by org.testng.reporters.JUnitReportReporter -->
<testsuite hostname="lenovo-PC" name="test.TESTActitimeLogin" tests="1" failures="0" timestamp="9 Jun 2020 01:57:17 GMT" time="37.657" errors="0">
  <testcase name="login" time="37.657" classname="test.TESTActitimeLogin"/>
</testsuite> <!-- test.TESTActitimeLogin -->
